<?xml version="1.0" encoding="UTF-8"?>
<!-- Generated by org.testng.reporters.JUnitXMLReporter -->
<testsuite ignored="0" hostname="DESKTOP-Q97HS14" failures="0" tests="7" name="com.guthub.api.test" time="11.474" errors="0" timestamp="2021-12-05T01:32:52 IST">
  <testcase classname="com.guthub.api.test.GitHubAPICallForCreateIssue" name="testGitHubPATCHIssue" time="5.397"/>
  <testcase classname="com.guthub.api.test.GitHubAPICallForCreateIssue" name="testGitHubPATCHIssueWithHardCodedNumber" time="0.649"/>
  <testcase classname="com.guthub.api.test.GitHubAPICallForCreateIssue" name="testGitHubPOSTIssue" time="1.155"/>
  <testcase classname="com.guthub.api.test.GitHubAPICallForCreateIssue" name="testGitHubPUTIssueWithHardCodedNumber" time="0.62"/>
  <testcase classname="com.guthub.api.test.GitHubAPICallForRepositories" name="CreateAndDeleteRepo" time="1.735"/>
  <testcase classname="com.guthub.api.test.GitHubAPICallForRepositories" name="CreateRepo" time="1.283"/>
  <testcase classname="com.guthub.api.test.GithubAPICallForUserDetailsTest" name="testGitHubrDetails" time="0.547"/>
</testsuite> <!-- com.guthub.api.test -->
