<?xml version="1.0" encoding="UTF-8"?>
<testng-results ignored="0" total="7" passed="7" failed="0" skipped="0">
  <reporter-output>
  </reporter-output>
  <suite started-at="2021-12-05T01:32:40 IST" name="RestassuredTest1 by packages" finished-at="2021-12-05T01:32:52 IST" duration-ms="11474">
    <groups>
    </groups>
    <test started-at="2021-12-05T01:32:40 IST" name="com.guthub.api.test" finished-at="2021-12-05T01:32:52 IST" duration-ms="11474">
      <class name="com.guthub.api.test.GitHubAPICallForCreateIssue">
        <test-method signature="testGitHubPATCHIssue()[pri:0, instance:com.guthub.api.test.GitHubAPICallForCreateIssue@78e117e3]" started-at="2021-12-05T01:32:40 IST" name="testGitHubPATCHIssue" finished-at="2021-12-05T01:32:46 IST" duration-ms="5397" status="PASS">
          <reporter-output>
          </reporter-output>
        </test-method> <!-- testGitHubPATCHIssue -->
        <test-method signature="testGitHubPATCHIssueWithHardCodedNumber()[pri:0, instance:com.guthub.api.test.GitHubAPICallForCreateIssue@78e117e3]" started-at="2021-12-05T01:32:46 IST" name="testGitHubPATCHIssueWithHardCodedNumber" finished-at="2021-12-05T01:32:46 IST" duration-ms="649" status="PASS">
          <reporter-output>
          </reporter-output>
        </test-method> <!-- testGitHubPATCHIssueWithHardCodedNumber -->
        <test-method signature="testGitHubPOSTIssue()[pri:0, instance:com.guthub.api.test.GitHubAPICallForCreateIssue@78e117e3]" started-at="2021-12-05T01:32:46 IST" name="testGitHubPOSTIssue" finished-at="2021-12-05T01:32:47 IST" duration-ms="1155" status="PASS">
          <reporter-output>
          </reporter-output>
        </test-method> <!-- testGitHubPOSTIssue -->
        <test-method signature="testGitHubPUTIssueWithHardCodedNumber()[pri:0, instance:com.guthub.api.test.GitHubAPICallForCreateIssue@78e117e3]" started-at="2021-12-05T01:32:47 IST" name="testGitHubPUTIssueWithHardCodedNumber" finished-at="2021-12-05T01:32:48 IST" duration-ms="620" status="PASS">
          <reporter-output>
          </reporter-output>
        </test-method> <!-- testGitHubPUTIssueWithHardCodedNumber -->
      </class> <!-- com.guthub.api.test.GitHubAPICallForCreateIssue -->
      <class name="com.guthub.api.test.GitHubAPICallForRepositories">
        <test-method signature="CreateAndDeleteRepo()[pri:0, instance:com.guthub.api.test.GitHubAPICallForRepositories@10e92f8f]" started-at="2021-12-05T01:32:48 IST" name="CreateAndDeleteRepo" finished-at="2021-12-05T01:32:50 IST" duration-ms="1735" status="PASS">
          <reporter-output>
          </reporter-output>
        </test-method> <!-- CreateAndDeleteRepo -->
        <test-method signature="CreateRepo()[pri:0, instance:com.guthub.api.test.GitHubAPICallForRepositories@10e92f8f]" started-at="2021-12-05T01:32:50 IST" name="CreateRepo" finished-at="2021-12-05T01:32:51 IST" duration-ms="1283" status="PASS">
          <reporter-output>
          </reporter-output>
        </test-method> <!-- CreateRepo -->
      </class> <!-- com.guthub.api.test.GitHubAPICallForRepositories -->
      <class name="com.guthub.api.test.GithubAPICallForUserDetailsTest">
        <test-method signature="testGitHubrDetails()[pri:0, instance:com.guthub.api.test.GithubAPICallForUserDetailsTest@7ce3cb8e]" started-at="2021-12-05T01:32:51 IST" name="testGitHubrDetails" finished-at="2021-12-05T01:32:52 IST" duration-ms="547" status="PASS">
          <reporter-output>
          </reporter-output>
        </test-method> <!-- testGitHubrDetails -->
      </class> <!-- com.guthub.api.test.GithubAPICallForUserDetailsTest -->
    </test> <!-- com.guthub.api.test -->
  </suite> <!-- RestassuredTest1 by packages -->
</testng-results>
